# JRE version: Java(TM) SE Runtime Environment (8.0_51-b16) (build 1.8.0_51-b16)
# Java VM: Java HotSpot(TM) 64-Bit Server VM (25.51-b03 mixed mode windows-amd64 compressed oops)
Heap:
 PSYoungGen      total 514560K, used 101797K [0x000000076b000000, 0x000000078f900000, 0x00000007c0000000)
  eden space 475136K, 21% used [0x000000076b000000,0x0000000771369730,0x0000000788000000)
  from space 39424K, 0% used [0x0000000788000000,0x0000000788000000,0x000000078a680000)
  to   space 41984K, 0% used [0x000000078d000000,0x000000078d000000,0x000000078f900000)
 ParOldGen       total 448512K, used 69695K [0x00000006c1000000, 0x00000006dc600000, 0x000000076b000000)
  object space 448512K, 15% used [0x00000006c1000000,0x00000006c540ffb0,0x00000006dc600000)
 Metaspace       used 98992K, capacity 100492K, committed 100776K, reserved 1136640K
  class space    used 12606K, capacity 12941K, committed 12968K, reserved 1048576K
GC Heap History (10 events):
Event: 12.326 GC heap before
{Heap before GC invocations=13 (full 3):
 PSYoungGen      total 452096K, used 21999K [0x000000076b000000, 0x0000000788880000, 0x00000007c0000000)
  eden space 430080K, 0% used [0x000000076b000000,0x000000076b000000,0x0000000785400000)
  from space 22016K, 99% used [0x0000000786c00000,0x000000078817bcf8,0x0000000788180000)
  to   space 24576K, 0% used [0x0000000785400000,0x0000000785400000,0x0000000786c00000)
 ParOldGen       total 204288K, used 33812K [0x00000006c1000000, 0x00000006cd780000, 0x000000076b000000)
  object space 204288K, 16% used [0x00000006c1000000,0x00000006c3105220,0x00000006cd780000)
 Metaspace       used 57809K, capacity 59016K, committed 59160K, reserved 1101824K
  class space    used 7219K, capacity 7524K, committed 7592K, reserved 1048576K
Event: 12.597 GC heap after
Heap after GC invocations=13 (full 3):
 PSYoungGen      total 452096K, used 0K [0x000000076b000000, 0x0000000788880000, 0x00000007c0000000)
  eden space 430080K, 0% used [0x000000076b000000,0x000000076b000000,0x0000000785400000)
  from space 22016K, 0% used [0x0000000786c00000,0x0000000786c00000,0x0000000788180000)
  to   space 24576K, 0% used [0x0000000785400000,0x0000000785400000,0x0000000786c00000)
 ParOldGen       total 296448K, used 44568K [0x00000006c1000000, 0x00000006d3180000, 0x000000076b000000)
  object space 296448K, 15% used [0x00000006c1000000,0x00000006c3b86008,0x00000006d3180000)
 Metaspace       used 57809K, capacity 59016K, committed 59160K, reserved 1101824K
  class space    used 7219K, capacity 7524K, committed 7592K, reserved 1048576K
}
Event: 16.179 GC heap before
{Heap before GC invocations=14 (full 3):
 PSYoungGen      total 452096K, used 430080K [0x000000076b000000, 0x0000000788880000, 0x00000007c0000000)
  eden space 430080K, 100% used [0x000000076b000000,0x0000000785400000,0x0000000785400000)
  from space 22016K, 0% used [0x0000000786c00000,0x0000000786c00000,0x0000000788180000)
  to   space 24576K, 0% used [0x0000000785400000,0x0000000785400000,0x0000000786c00000)
 ParOldGen       total 296448K, used 44568K [0x00000006c1000000, 0x00000006d3180000, 0x000000076b000000)
  object space 296448K, 15% used [0x00000006c1000000,0x00000006c3b86008,0x00000006d3180000)
 Metaspace       used 82617K, capacity 84014K, committed 84392K, reserved 1122304K
  class space    used 10566K, capacity 10882K, committed 10920K, reserved 1048576K
Event: 16.203 GC heap after
Heap after GC invocations=14 (full 3):
 PSYoungGen      total 454656K, used 24558K [0x000000076b000000, 0x000000078c580000, 0x00000007c0000000)
  eden space 430080K, 0% used [0x000000076b000000,0x000000076b000000,0x0000000785400000)
  from space 24576K, 99% used [0x0000000785400000,0x0000000786bfbb10,0x0000000786c00000)
  to   space 31744K, 0% used [0x000000078a680000,0x000000078a680000,0x000000078c580000)
 ParOldGen       total 296448K, used 57516K [0x00000006c1000000, 0x00000006d3180000, 0x000000076b000000)
  object space 296448K, 19% used [0x00000006c1000000,0x00000006c482b050,0x00000006d3180000)
 Metaspace       used 82617K, capacity 84014K, committed 84392K, reserved 1122304K
  class space    used 10566K, capacity 10882K, committed 10920K, reserved 1048576K
}
Event: 25.480 GC heap before
{Heap before GC invocations=15 (full 3):
 PSYoungGen      total 454656K, used 454638K [0x000000076b000000, 0x000000078c580000, 0x00000007c0000000)
  eden space 430080K, 100% used [0x000000076b000000,0x0000000785400000,0x0000000785400000)
  from space 24576K, 99% used [0x0000000785400000,0x0000000786bfbb10,0x0000000786c00000)
  to   space 31744K, 0% used [0x000000078a680000,0x000000078a680000,0x000000078c580000)
 ParOldGen       total 296448K, used 57516K [0x00000006c1000000, 0x00000006d3180000, 0x000000076b000000)
  object space 296448K, 19% used [0x00000006c1000000,0x00000006c482b050,0x00000006d3180000)
 Metaspace       used 95900K, capacity 97330K, committed 97704K, reserved 1134592K
  class space    used 12275K, capacity 12606K, committed 12712K, reserved 1048576K
Event: 25.511 GC heap after
Heap after GC invocations=15 (full 3):
 PSYoungGen      total 506880K, used 31720K [0x000000076b000000, 0x000000078cd80000, 0x00000007c0000000)
  eden space 475136K, 0% used [0x000000076b000000,0x000000076b000000,0x0000000788000000)
  from space 31744K, 99% used [0x000000078a680000,0x000000078c57a280,0x000000078c580000)
  to   space 39424K, 0% used [0x0000000788000000,0x0000000788000000,0x000000078a680000)
 ParOldGen       total 296448K, used 67072K [0x00000006c1000000, 0x00000006d3180000, 0x000000076b000000)
  object space 296448K, 22% used [0x00000006c1000000,0x00000006c51800d0,0x00000006d3180000)
 Metaspace       used 95900K, capacity 97330K, committed 97704K, reserved 1134592K
  class space    used 12275K, capacity 12606K, committed 12712K, reserved 1048576K
}
Event: 203.518 GC heap before
{Heap before GC invocations=16 (full 3):
 PSYoungGen      total 506880K, used 94187K [0x000000076b000000, 0x000000078cd80000, 0x00000007c0000000)
  eden space 475136K, 13% used [0x000000076b000000,0x000000076ed00ac8,0x0000000788000000)
  from space 31744K, 99% used [0x000000078a680000,0x000000078c57a280,0x000000078c580000)
  to   space 39424K, 0% used [0x0000000788000000,0x0000000788000000,0x000000078a680000)
 ParOldGen       total 296448K, used 67072K [0x00000006c1000000, 0x00000006d3180000, 0x000000076b000000)
  object space 296448K, 22% used [0x00000006c1000000,0x00000006c51800d0,0x00000006d3180000)
 Metaspace       used 96896K, capacity 98232K, committed 98600K, reserved 1134592K
  class space    used 12425K, capacity 12735K, committed 12840K, reserved 1048576K
Event: 203.537 GC heap after
Heap after GC invocations=16 (full 3):
 PSYoungGen      total 514560K, used 31732K [0x000000076b000000, 0x000000078f900000, 0x00000007c0000000)
  eden space 475136K, 0% used [0x000000076b000000,0x000000076b000000,0x0000000788000000)
  from space 39424K, 80% used [0x0000000788000000,0x0000000789efd0d0,0x000000078a680000)
  to   space 41984K, 0% used [0x000000078d000000,0x000000078d000000,0x000000078f900000)
 ParOldGen       total 296448K, used 67080K [0x00000006c1000000, 0x00000006d3180000, 0x000000076b000000)
  object space 296448K, 22% used [0x00000006c1000000,0x00000006c51820d0,0x00000006d3180000)
 Metaspace       used 96896K, capacity 98232K, committed 98600K, reserved 1134592K
  class space    used 12425K, capacity 12735K, committed 12840K, reserved 1048576K
}
Event: 203.537 GC heap before
{Heap before GC invocations=17 (full 4):
 PSYoungGen      total 514560K, used 31732K [0x000000076b000000, 0x000000078f900000, 0x00000007c0000000)
  eden space 475136K, 0% used [0x000000076b000000,0x000000076b000000,0x0000000788000000)
  from space 39424K, 80% used [0x0000000788000000,0x0000000789efd0d0,0x000000078a680000)
  to   space 41984K, 0% used [0x000000078d000000,0x000000078d000000,0x000000078f900000)
 ParOldGen       total 296448K, used 67080K [0x00000006c1000000, 0x00000006d3180000, 0x000000076b000000)
  object space 296448K, 22% used [0x00000006c1000000,0x00000006c51820d0,0x00000006d3180000)
 Metaspace       used 96896K, capacity 98232K, committed 98600K, reserved 1134592K
  class space    used 12425K, capacity 12735K, committed 12840K, reserved 1048576K
Event: 203.677 GC heap after
Heap after GC invocations=17 (full 4):
 PSYoungGen      total 514560K, used 0K [0x000000076b000000, 0x000000078f900000, 0x00000007c0000000)
  eden space 475136K, 0% used [0x000000076b000000,0x000000076b000000,0x0000000788000000)
  from space 39424K, 0% used [0x0000000788000000,0x0000000788000000,0x000000078a680000)
  to   space 41984K, 0% used [0x000000078d000000,0x000000078d000000,0x000000078f900000)
 ParOldGen       total 448512K, used 69695K [0x00000006c1000000, 0x00000006dc600000, 0x000000076b000000)
  object space 448512K, 15% used [0x00000006c1000000,0x00000006c540ffb0,0x00000006dc600000)
 Metaspace       used 96883K, capacity 98208K, committed 98600K, reserved 1134592K
  class space    used 12423K, capacity 12731K, committed 12840K, reserved 1048576K
}

